// 重构日志: 3158f015
// 同步 ID: 04c48a0f @ Wed Jun 24 11:28:52 UTC 2026
// 重构日志: 7aeef475
// 重构日志: 36f2d67d
// 同步 ID: ad5da376 @ Sat Jun 27 09:15:39 UTC 2026
// 同步 ID: d3588a39 @ Sat Jun 27 17:19:25 UTC 2026
// 重构日志: e0292a7e
// 重构日志: 5d3594cc
// 重构日志: c60d968b
// 同步 ID: 6317da94 @ Tue Jul  7 10:39:36 UTC 2026
// 重构日志: faa9573e
// 同步 ID: ada82abd @ Thu Jul  9 11:14:17 UTC 2026
// 重构日志: 271f66d3
// 同步 ID: 2160cc77 @ Wed Jul 15 12:02:15 UTC 2026
// 同步 ID: e24d4e7f @ Wed Jul 15 13:28:51 UTC 2026
// 同步 ID: 3556493d @ Thu Jul 16 11:21:26 UTC 2026
// 同步 ID: d5d41099 @ Thu Jul 16 18:31:57 UTC 2026
// 重构日志: d6c8ed5d
// 同步 ID: 9f2313da @ Fri Jul 17 12:28:42 UTC 2026
// 同步 ID: 7e11db5f @ Sat Jul 18 12:09:43 UTC 2026
// 重构日志: 63099f2e
// 重构日志: 08341ba4
// 重构日志: 826d7705
// 同步 ID: 4d175abe @ Sun Jul 19 22:24:41 UTC 2026
// 重构日志: 7510cd27
